0 info it worked if it ends with ok
1 verbose cli [ '/usr/bin/nodejs', '/usr/bin/npm', 'install' ]
2 info using npm@1.3.10
3 info using node@v0.10.25
4 verbose readDependencies using package.json deps
5 verbose install where, deps [ '/home/leo/dev/leo/junkiex/junkiex',
5 verbose install   [ 'babel-brunch',
5 verbose install     'brunch',
5 verbose install     'clean-css-brunch',
5 verbose install     'css-brunch',
5 verbose install     'javascript-brunch',
5 verbose install     'uglify-js-brunch',
5 verbose install     'phoenix',
5 verbose install     'phoenix_html' ] ]
6 info preinstall @
7 verbose readDependencies using package.json deps
8 verbose cache add [ 'babel-brunch@~6.0.0', null ]
9 verbose cache add name=undefined spec="babel-brunch@~6.0.0" args=["babel-brunch@~6.0.0",null]
10 verbose parsed url { protocol: null,
10 verbose parsed url   slashes: null,
10 verbose parsed url   auth: null,
10 verbose parsed url   host: null,
10 verbose parsed url   port: null,
10 verbose parsed url   hostname: null,
10 verbose parsed url   hash: null,
10 verbose parsed url   search: null,
10 verbose parsed url   query: null,
10 verbose parsed url   pathname: 'babel-brunch@~6.0.0',
10 verbose parsed url   path: 'babel-brunch@~6.0.0',
10 verbose parsed url   href: 'babel-brunch@~6.0.0' }
11 verbose cache add name="babel-brunch" spec="~6.0.0" args=["babel-brunch","~6.0.0"]
12 verbose parsed url { protocol: null,
12 verbose parsed url   slashes: null,
12 verbose parsed url   auth: null,
12 verbose parsed url   host: null,
12 verbose parsed url   port: null,
12 verbose parsed url   hostname: null,
12 verbose parsed url   hash: null,
12 verbose parsed url   search: null,
12 verbose parsed url   query: null,
12 verbose parsed url   pathname: '~6.0.0',
12 verbose parsed url   path: '~6.0.0',
12 verbose parsed url   href: '~6.0.0' }
13 verbose addNamed [ 'babel-brunch', '~6.0.0' ]
14 verbose addNamed [ null, '>=6.0.0-0 <6.1.0-0' ]
15 verbose cache add [ 'brunch@~2.1.3', null ]
16 verbose cache add name=undefined spec="brunch@~2.1.3" args=["brunch@~2.1.3",null]
17 verbose parsed url { protocol: null,
17 verbose parsed url   slashes: null,
17 verbose parsed url   auth: null,
17 verbose parsed url   host: null,
17 verbose parsed url   port: null,
17 verbose parsed url   hostname: null,
17 verbose parsed url   hash: null,
17 verbose parsed url   search: null,
17 verbose parsed url   query: null,
17 verbose parsed url   pathname: 'brunch@~2.1.3',
17 verbose parsed url   path: 'brunch@~2.1.3',
17 verbose parsed url   href: 'brunch@~2.1.3' }
18 verbose cache add name="brunch" spec="~2.1.3" args=["brunch","~2.1.3"]
19 verbose parsed url { protocol: null,
19 verbose parsed url   slashes: null,
19 verbose parsed url   auth: null,
19 verbose parsed url   host: null,
19 verbose parsed url   port: null,
19 verbose parsed url   hostname: null,
19 verbose parsed url   hash: null,
19 verbose parsed url   search: null,
19 verbose parsed url   query: null,
19 verbose parsed url   pathname: '~2.1.3',
19 verbose parsed url   path: '~2.1.3',
19 verbose parsed url   href: '~2.1.3' }
20 verbose addNamed [ 'brunch', '~2.1.3' ]
21 verbose addNamed [ null, '>=2.1.3-0 <2.2.0-0' ]
22 silly lockFile 6b74a846-babel-brunch-6-0-0 babel-brunch@~6.0.0
23 verbose lock babel-brunch@~6.0.0 /home/leo/.npm/6b74a846-babel-brunch-6-0-0.lock
24 verbose cache add [ 'css-brunch@~1.7.0', null ]
25 verbose cache add name=undefined spec="css-brunch@~1.7.0" args=["css-brunch@~1.7.0",null]
26 verbose parsed url { protocol: null,
26 verbose parsed url   slashes: null,
26 verbose parsed url   auth: null,
26 verbose parsed url   host: null,
26 verbose parsed url   port: null,
26 verbose parsed url   hostname: null,
26 verbose parsed url   hash: null,
26 verbose parsed url   search: null,
26 verbose parsed url   query: null,
26 verbose parsed url   pathname: 'css-brunch@~1.7.0',
26 verbose parsed url   path: 'css-brunch@~1.7.0',
26 verbose parsed url   href: 'css-brunch@~1.7.0' }
27 verbose cache add name="css-brunch" spec="~1.7.0" args=["css-brunch","~1.7.0"]
28 verbose parsed url { protocol: null,
28 verbose parsed url   slashes: null,
28 verbose parsed url   auth: null,
28 verbose parsed url   host: null,
28 verbose parsed url   port: null,
28 verbose parsed url   hostname: null,
28 verbose parsed url   hash: null,
28 verbose parsed url   search: null,
28 verbose parsed url   query: null,
28 verbose parsed url   pathname: '~1.7.0',
28 verbose parsed url   path: '~1.7.0',
28 verbose parsed url   href: '~1.7.0' }
29 verbose addNamed [ 'css-brunch', '~1.7.0' ]
30 verbose addNamed [ null, '>=1.7.0-0 <1.8.0-0' ]
31 silly lockFile 37226b7f-css-brunch-1-7-0 css-brunch@~1.7.0
32 verbose lock css-brunch@~1.7.0 /home/leo/.npm/37226b7f-css-brunch-1-7-0.lock
33 verbose cache add [ 'clean-css-brunch@~1.8.0', null ]
34 verbose cache add name=undefined spec="clean-css-brunch@~1.8.0" args=["clean-css-brunch@~1.8.0",null]
35 verbose parsed url { protocol: null,
35 verbose parsed url   slashes: null,
35 verbose parsed url   auth: null,
35 verbose parsed url   host: null,
35 verbose parsed url   port: null,
35 verbose parsed url   hostname: null,
35 verbose parsed url   hash: null,
35 verbose parsed url   search: null,
35 verbose parsed url   query: null,
35 verbose parsed url   pathname: 'clean-css-brunch@~1.8.0',
35 verbose parsed url   path: 'clean-css-brunch@~1.8.0',
35 verbose parsed url   href: 'clean-css-brunch@~1.8.0' }
36 verbose cache add name="clean-css-brunch" spec="~1.8.0" args=["clean-css-brunch","~1.8.0"]
37 verbose parsed url { protocol: null,
37 verbose parsed url   slashes: null,
37 verbose parsed url   auth: null,
37 verbose parsed url   host: null,
37 verbose parsed url   port: null,
37 verbose parsed url   hostname: null,
37 verbose parsed url   hash: null,
37 verbose parsed url   search: null,
37 verbose parsed url   query: null,
37 verbose parsed url   pathname: '~1.8.0',
37 verbose parsed url   path: '~1.8.0',
37 verbose parsed url   href: '~1.8.0' }
38 verbose addNamed [ 'clean-css-brunch', '~1.8.0' ]
39 verbose addNamed [ null, '>=1.8.0-0 <1.9.0-0' ]
40 silly lockFile ce351c63-clean-css-brunch-1-8-0 clean-css-brunch@~1.8.0
41 verbose lock clean-css-brunch@~1.8.0 /home/leo/.npm/ce351c63-clean-css-brunch-1-8-0.lock
42 verbose cache add [ 'javascript-brunch@~1.8.0', null ]
43 verbose cache add name=undefined spec="javascript-brunch@~1.8.0" args=["javascript-brunch@~1.8.0",null]
44 verbose parsed url { protocol: null,
44 verbose parsed url   slashes: null,
44 verbose parsed url   auth: null,
44 verbose parsed url   host: null,
44 verbose parsed url   port: null,
44 verbose parsed url   hostname: null,
44 verbose parsed url   hash: null,
44 verbose parsed url   search: null,
44 verbose parsed url   query: null,
44 verbose parsed url   pathname: 'javascript-brunch@~1.8.0',
44 verbose parsed url   path: 'javascript-brunch@~1.8.0',
44 verbose parsed url   href: 'javascript-brunch@~1.8.0' }
45 verbose cache add name="javascript-brunch" spec="~1.8.0" args=["javascript-brunch","~1.8.0"]
46 verbose parsed url { protocol: null,
46 verbose parsed url   slashes: null,
46 verbose parsed url   auth: null,
46 verbose parsed url   host: null,
46 verbose parsed url   port: null,
46 verbose parsed url   hostname: null,
46 verbose parsed url   hash: null,
46 verbose parsed url   search: null,
46 verbose parsed url   query: null,
46 verbose parsed url   pathname: '~1.8.0',
46 verbose parsed url   path: '~1.8.0',
46 verbose parsed url   href: '~1.8.0' }
47 verbose addNamed [ 'javascript-brunch', '~1.8.0' ]
48 verbose addNamed [ null, '>=1.8.0-0 <1.9.0-0' ]
49 silly lockFile e65a8e02-javascript-brunch-1-8-0 javascript-brunch@~1.8.0
50 verbose lock javascript-brunch@~1.8.0 /home/leo/.npm/e65a8e02-javascript-brunch-1-8-0.lock
51 verbose cache add [ 'uglify-js-brunch@~1.7.0', null ]
52 verbose cache add name=undefined spec="uglify-js-brunch@~1.7.0" args=["uglify-js-brunch@~1.7.0",null]
53 verbose parsed url { protocol: null,
53 verbose parsed url   slashes: null,
53 verbose parsed url   auth: null,
53 verbose parsed url   host: null,
53 verbose parsed url   port: null,
53 verbose parsed url   hostname: null,
53 verbose parsed url   hash: null,
53 verbose parsed url   search: null,
53 verbose parsed url   query: null,
53 verbose parsed url   pathname: 'uglify-js-brunch@~1.7.0',
53 verbose parsed url   path: 'uglify-js-brunch@~1.7.0',
53 verbose parsed url   href: 'uglify-js-brunch@~1.7.0' }
54 verbose cache add name="uglify-js-brunch" spec="~1.7.0" args=["uglify-js-brunch","~1.7.0"]
55 verbose parsed url { protocol: null,
55 verbose parsed url   slashes: null,
55 verbose parsed url   auth: null,
55 verbose parsed url   host: null,
55 verbose parsed url   port: null,
55 verbose parsed url   hostname: null,
55 verbose parsed url   hash: null,
55 verbose parsed url   search: null,
55 verbose parsed url   query: null,
55 verbose parsed url   pathname: '~1.7.0',
55 verbose parsed url   path: '~1.7.0',
55 verbose parsed url   href: '~1.7.0' }
56 verbose addNamed [ 'uglify-js-brunch', '~1.7.0' ]
57 verbose addNamed [ null, '>=1.7.0-0 <1.8.0-0' ]
58 silly lockFile 1e79e113-uglify-js-brunch-1-7-0 uglify-js-brunch@~1.7.0
59 verbose lock uglify-js-brunch@~1.7.0 /home/leo/.npm/1e79e113-uglify-js-brunch-1-7-0.lock
60 silly lockFile ae899708-brunch-2-1-3 brunch@~2.1.3
61 verbose lock brunch@~2.1.3 /home/leo/.npm/ae899708-brunch-2-1-3.lock
62 verbose cache add [ 'phoenix@file:deps/phoenix', null ]
63 verbose cache add name=undefined spec="phoenix@file:deps/phoenix" args=["phoenix@file:deps/phoenix",null]
64 verbose parsed url { protocol: null,
64 verbose parsed url   slashes: null,
64 verbose parsed url   auth: null,
64 verbose parsed url   host: null,
64 verbose parsed url   port: null,
64 verbose parsed url   hostname: null,
64 verbose parsed url   hash: null,
64 verbose parsed url   search: null,
64 verbose parsed url   query: null,
64 verbose parsed url   pathname: 'phoenix@file:deps/phoenix',
64 verbose parsed url   path: 'phoenix@file:deps/phoenix',
64 verbose parsed url   href: 'phoenix@file:deps/phoenix' }
65 verbose cache add name="phoenix" spec="file:deps/phoenix" args=["phoenix","file:deps/phoenix"]
66 verbose parsed url { protocol: 'file:',
66 verbose parsed url   slashes: null,
66 verbose parsed url   auth: null,
66 verbose parsed url   host: null,
66 verbose parsed url   port: null,
66 verbose parsed url   hostname: null,
66 verbose parsed url   hash: null,
66 verbose parsed url   search: null,
66 verbose parsed url   query: null,
66 verbose parsed url   pathname: 'deps/phoenix',
66 verbose parsed url   path: 'deps/phoenix',
66 verbose parsed url   href: 'file:deps/phoenix' }
67 verbose addNamed [ 'phoenix', 'file:deps/phoenix' ]
68 verbose addNamed [ null, null ]
69 silly lockFile 25706d37-phoenix-file-deps-phoenix phoenix@file:deps/phoenix
70 verbose lock phoenix@file:deps/phoenix /home/leo/.npm/25706d37-phoenix-file-deps-phoenix.lock
71 verbose cache add [ 'phoenix_html@file:deps/phoenix_html', null ]
72 verbose cache add name=undefined spec="phoenix_html@file:deps/phoenix_html" args=["phoenix_html@file:deps/phoenix_html",null]
73 verbose parsed url { protocol: null,
73 verbose parsed url   slashes: null,
73 verbose parsed url   auth: null,
73 verbose parsed url   host: null,
73 verbose parsed url   port: null,
73 verbose parsed url   hostname: null,
73 verbose parsed url   hash: null,
73 verbose parsed url   search: null,
73 verbose parsed url   query: null,
73 verbose parsed url   pathname: 'phoenix_html@file:deps/phoenix_html',
73 verbose parsed url   path: 'phoenix_html@file:deps/phoenix_html',
73 verbose parsed url   href: 'phoenix_html@file:deps/phoenix_html' }
74 verbose cache add name="phoenix_html" spec="file:deps/phoenix_html" args=["phoenix_html","file:deps/phoenix_html"]
75 verbose parsed url { protocol: 'file:',
75 verbose parsed url   slashes: null,
75 verbose parsed url   auth: null,
75 verbose parsed url   host: null,
75 verbose parsed url   port: null,
75 verbose parsed url   hostname: null,
75 verbose parsed url   hash: null,
75 verbose parsed url   search: null,
75 verbose parsed url   query: null,
75 verbose parsed url   pathname: 'deps/phoenix_html',
75 verbose parsed url   path: 'deps/phoenix_html',
75 verbose parsed url   href: 'file:deps/phoenix_html' }
76 verbose addNamed [ 'phoenix_html', 'file:deps/phoenix_html' ]
77 verbose addNamed [ null, null ]
78 silly lockFile 3d88e48d-enix-html-file-deps-phoenix-html phoenix_html@file:deps/phoenix_html
79 verbose lock phoenix_html@file:deps/phoenix_html /home/leo/.npm/3d88e48d-enix-html-file-deps-phoenix-html.lock
80 silly addNameRange { name: 'babel-brunch',
80 silly addNameRange   range: '>=6.0.0-0 <6.1.0-0',
80 silly addNameRange   hasData: false }
81 silly addNameRange { name: 'css-brunch',
81 silly addNameRange   range: '>=1.7.0-0 <1.8.0-0',
81 silly addNameRange   hasData: false }
82 silly addNameRange { name: 'clean-css-brunch',
82 silly addNameRange   range: '>=1.8.0-0 <1.9.0-0',
82 silly addNameRange   hasData: false }
83 silly addNameRange { name: 'javascript-brunch',
83 silly addNameRange   range: '>=1.8.0-0 <1.9.0-0',
83 silly addNameRange   hasData: false }
84 silly addNameRange { name: 'uglify-js-brunch',
84 silly addNameRange   range: '>=1.7.0-0 <1.8.0-0',
84 silly addNameRange   hasData: false }
85 silly addNameRange { name: 'brunch', range: '>=2.1.3-0 <2.2.0-0', hasData: false }
86 info addNameTag [ 'phoenix', 'file:deps/phoenix' ]
87 verbose url raw babel-brunch
88 verbose url resolving [ 'https://registry.npmjs.org/', './babel-brunch' ]
89 verbose url resolved https://registry.npmjs.org/babel-brunch
90 info trying registry request attempt 1 at 18:41:01
91 verbose etag "5M4803D7H9K8KRL0WQVVC35Y6"
92 http GET https://registry.npmjs.org/babel-brunch
93 info addNameTag [ 'phoenix_html', 'file:deps/phoenix_html' ]
94 verbose url raw css-brunch
95 verbose url resolving [ 'https://registry.npmjs.org/', './css-brunch' ]
96 verbose url resolved https://registry.npmjs.org/css-brunch
97 info trying registry request attempt 1 at 18:41:01
98 verbose etag "3MLMEF015LTF3ST910NBEPF6Z"
99 http GET https://registry.npmjs.org/css-brunch
100 verbose url raw clean-css-brunch
101 verbose url resolving [ 'https://registry.npmjs.org/', './clean-css-brunch' ]
102 verbose url resolved https://registry.npmjs.org/clean-css-brunch
103 info trying registry request attempt 1 at 18:41:01
104 verbose etag "5MPZPCMAI74IWZRADCMJFIHZW"
105 http GET https://registry.npmjs.org/clean-css-brunch
106 verbose url raw javascript-brunch
107 verbose url resolving [ 'https://registry.npmjs.org/', './javascript-brunch' ]
108 verbose url resolved https://registry.npmjs.org/javascript-brunch
109 info trying registry request attempt 1 at 18:41:01
110 verbose etag "29I869TOMAOKBX6F9X34ADN83"
111 http GET https://registry.npmjs.org/javascript-brunch
112 verbose url raw uglify-js-brunch
113 verbose url resolving [ 'https://registry.npmjs.org/', './uglify-js-brunch' ]
114 verbose url resolved https://registry.npmjs.org/uglify-js-brunch
115 info trying registry request attempt 1 at 18:41:01
116 verbose etag "13FU9J8Y5W216UTLU2ZRS4T4M"
117 http GET https://registry.npmjs.org/uglify-js-brunch
118 verbose url raw brunch
119 verbose url resolving [ 'https://registry.npmjs.org/', './brunch' ]
120 verbose url resolved https://registry.npmjs.org/brunch
121 info trying registry request attempt 1 at 18:41:01
122 verbose etag "58WEMPN09142DV44G7SR7L3OK"
123 http GET https://registry.npmjs.org/brunch
124 verbose url raw phoenix
125 verbose url resolving [ 'https://registry.npmjs.org/', './phoenix' ]
126 verbose url resolved https://registry.npmjs.org/phoenix
127 info trying registry request attempt 1 at 18:41:01
128 verbose etag "3KWLGPJF5U3RDJTFGVX0954C8"
129 http GET https://registry.npmjs.org/phoenix
130 verbose url raw phoenix_html
131 verbose url resolving [ 'https://registry.npmjs.org/', './phoenix_html' ]
132 verbose url resolved https://registry.npmjs.org/phoenix_html
133 info trying registry request attempt 1 at 18:41:01
134 http GET https://registry.npmjs.org/phoenix_html
135 http 304 https://registry.npmjs.org/babel-brunch
136 silly registry.get cb [ 304,
136 silly registry.get   { date: 'Sat, 27 Feb 2016 17:41:01 GMT',
136 silly registry.get     via: '1.1 varnish',
136 silly registry.get     'cache-control': 'max-age=300',
136 silly registry.get     etag: '"5M4803D7H9K8KRL0WQVVC35Y6"',
136 silly registry.get     age: '0',
136 silly registry.get     connection: 'keep-alive',
136 silly registry.get     'x-served-by': 'cache-fra1229-FRA',
136 silly registry.get     'x-cache': 'HIT',
136 silly registry.get     'x-cache-hits': '1',
136 silly registry.get     'x-timer': 'S1456594861.821138,VS0,VE102',
136 silly registry.get     vary: 'Accept' } ]
137 verbose etag babel-brunch from cache
138 http 304 https://registry.npmjs.org/css-brunch
139 silly registry.get cb [ 304,
139 silly registry.get   { date: 'Sat, 27 Feb 2016 17:41:01 GMT',
139 silly registry.get     via: '1.1 varnish',
139 silly registry.get     'cache-control': 'max-age=300',
139 silly registry.get     etag: '"3MLMEF015LTF3ST910NBEPF6Z"',
139 silly registry.get     age: '0',
139 silly registry.get     connection: 'keep-alive',
139 silly registry.get     'x-served-by': 'cache-fra1232-FRA',
139 silly registry.get     'x-cache': 'HIT',
139 silly registry.get     'x-cache-hits': '1',
139 silly registry.get     'x-timer': 'S1456594861.845016,VS0,VE99',
139 silly registry.get     vary: 'Accept' } ]
140 verbose etag css-brunch from cache
141 silly addNameRange number 2 { name: 'babel-brunch',
141 silly addNameRange   range: '>=6.0.0-0 <6.1.0-0',
141 silly addNameRange   hasData: true }
142 silly addNameRange versions [ 'babel-brunch',
142 silly addNameRange   [ '4.0.0',
142 silly addNameRange     '5.0.0',
142 silly addNameRange     '5.0.1',
142 silly addNameRange     '5.1.0',
142 silly addNameRange     '5.1.1',
142 silly addNameRange     '5.1.2',
142 silly addNameRange     '6.0.0',
142 silly addNameRange     '6.0.1',
142 silly addNameRange     '6.0.2' ] ]
143 verbose addNamed [ 'babel-brunch', '6.0.2' ]
144 verbose addNamed [ '6.0.2', '6.0.2' ]
145 silly lockFile b9f0ca46-babel-brunch-6-0-2 babel-brunch@6.0.2
146 verbose lock babel-brunch@6.0.2 /home/leo/.npm/b9f0ca46-babel-brunch-6-0-2.lock
147 silly addNameRange number 2 { name: 'css-brunch',
147 silly addNameRange   range: '>=1.7.0-0 <1.8.0-0',
147 silly addNameRange   hasData: true }
148 silly addNameRange versions [ 'css-brunch',
148 silly addNameRange   [ '1.0.0',
148 silly addNameRange     '1.1.0',
148 silly addNameRange     '1.1.1',
148 silly addNameRange     '1.3.0',
148 silly addNameRange     '1.5.0',
148 silly addNameRange     '1.5.1',
148 silly addNameRange     '1.6.0',
148 silly addNameRange     '1.7.0',
148 silly addNameRange     '2.0.0' ] ]
149 verbose addNamed [ 'css-brunch', '1.7.0' ]
150 verbose addNamed [ '1.7.0', '1.7.0' ]
151 silly lockFile c3390392-css-brunch-1-7-0 css-brunch@1.7.0
152 verbose lock css-brunch@1.7.0 /home/leo/.npm/c3390392-css-brunch-1-7-0.lock
153 silly lockFile b9f0ca46-babel-brunch-6-0-2 babel-brunch@6.0.2
154 silly lockFile b9f0ca46-babel-brunch-6-0-2 babel-brunch@6.0.2
155 silly lockFile c3390392-css-brunch-1-7-0 css-brunch@1.7.0
156 silly lockFile c3390392-css-brunch-1-7-0 css-brunch@1.7.0
157 silly lockFile 6b74a846-babel-brunch-6-0-0 babel-brunch@~6.0.0
158 silly lockFile 6b74a846-babel-brunch-6-0-0 babel-brunch@~6.0.0
159 silly lockFile 37226b7f-css-brunch-1-7-0 css-brunch@~1.7.0
160 silly lockFile 37226b7f-css-brunch-1-7-0 css-brunch@~1.7.0
161 http 304 https://registry.npmjs.org/uglify-js-brunch
162 silly registry.get cb [ 304,
162 silly registry.get   { date: 'Sat, 27 Feb 2016 17:41:01 GMT',
162 silly registry.get     via: '1.1 varnish',
162 silly registry.get     'cache-control': 'max-age=300',
162 silly registry.get     etag: '"13FU9J8Y5W216UTLU2ZRS4T4M"',
162 silly registry.get     age: '0',
162 silly registry.get     connection: 'keep-alive',
162 silly registry.get     'x-served-by': 'cache-fra1247-FRA',
162 silly registry.get     'x-cache': 'HIT',
162 silly registry.get     'x-cache-hits': '1',
162 silly registry.get     'x-timer': 'S1456594861.808572,VS0,VE182',
162 silly registry.get     vary: 'Accept' } ]
163 verbose etag uglify-js-brunch from cache
164 silly addNameRange number 2 { name: 'uglify-js-brunch',
164 silly addNameRange   range: '>=1.7.0-0 <1.8.0-0',
164 silly addNameRange   hasData: true }
165 silly addNameRange versions [ 'uglify-js-brunch',
165 silly addNameRange   [ '1.0.0',
165 silly addNameRange     '1.1.0',
165 silly addNameRange     '1.1.1',
165 silly addNameRange     '1.3.0',
165 silly addNameRange     '1.3.1',
165 silly addNameRange     '1.5.0',
165 silly addNameRange     '1.5.1',
165 silly addNameRange     '1.7.0',
165 silly addNameRange     '1.7.1',
165 silly addNameRange     '1.7.2',
165 silly addNameRange     '1.7.3',
165 silly addNameRange     '1.7.4',
165 silly addNameRange     '1.7.5',
165 silly addNameRange     '1.7.6',
165 silly addNameRange     '1.7.7',
165 silly addNameRange     '1.7.8',
165 silly addNameRange     '2.0.0',
165 silly addNameRange     '2.0.1' ] ]
166 verbose addNamed [ 'uglify-js-brunch', '1.7.8' ]
167 verbose addNamed [ '1.7.8', '1.7.8' ]
168 silly lockFile cd6b0dc2-uglify-js-brunch-1-7-8 uglify-js-brunch@1.7.8
169 verbose lock uglify-js-brunch@1.7.8 /home/leo/.npm/cd6b0dc2-uglify-js-brunch-1-7-8.lock
170 silly lockFile cd6b0dc2-uglify-js-brunch-1-7-8 uglify-js-brunch@1.7.8
171 silly lockFile cd6b0dc2-uglify-js-brunch-1-7-8 uglify-js-brunch@1.7.8
172 silly lockFile 1e79e113-uglify-js-brunch-1-7-0 uglify-js-brunch@~1.7.0
173 silly lockFile 1e79e113-uglify-js-brunch-1-7-0 uglify-js-brunch@~1.7.0
174 http 304 https://registry.npmjs.org/brunch
175 silly registry.get cb [ 304,
175 silly registry.get   { date: 'Sat, 27 Feb 2016 17:41:02 GMT',
175 silly registry.get     via: '1.1 varnish',
175 silly registry.get     'cache-control': 'max-age=300',
175 silly registry.get     etag: '"58WEMPN09142DV44G7SR7L3OK"',
175 silly registry.get     age: '0',
175 silly registry.get     connection: 'keep-alive',
175 silly registry.get     'x-served-by': 'cache-fra1229-FRA',
175 silly registry.get     'x-cache': 'HIT',
175 silly registry.get     'x-cache-hits': '1',
175 silly registry.get     'x-timer': 'S1456594862.015833,VS0,VE103',
175 silly registry.get     vary: 'Accept' } ]
176 verbose etag brunch from cache
177 silly addNameRange number 2 { name: 'brunch', range: '>=2.1.3-0 <2.2.0-0', hasData: true }
178 silly addNameRange versions [ 'brunch',
178 silly addNameRange   [ '0.0.1',
178 silly addNameRange     '0.0.2',
178 silly addNameRange     '0.0.3',
178 silly addNameRange     '0.0.4',
178 silly addNameRange     '0.0.5',
178 silly addNameRange     '0.0.6',
178 silly addNameRange     '0.0.7',
178 silly addNameRange     '0.0.8',
178 silly addNameRange     '0.1.0',
178 silly addNameRange     '0.1.1',
178 silly addNameRange     '0.1.3',
178 silly addNameRange     '0.1.4',
178 silly addNameRange     '0.1.5',
178 silly addNameRange     '0.1.6',
178 silly addNameRange     '0.1.7',
178 silly addNameRange     '0.1.8',
178 silly addNameRange     '0.1.9',
178 silly addNameRange     '0.2.0',
178 silly addNameRange     '0.2.1',
178 silly addNameRange     '0.2.2',
178 silly addNameRange     '0.2.3',
178 silly addNameRange     '0.2.4',
178 silly addNameRange     '0.2.6',
178 silly addNameRange     '0.2.7',
178 silly addNameRange     '0.2.8',
178 silly addNameRange     '0.3.0',
178 silly addNameRange     '0.3.1',
178 silly addNameRange     '0.3.2',
178 silly addNameRange     '0.3.4',
178 silly addNameRange     '0.3.5',
178 silly addNameRange     '0.3.6',
178 silly addNameRange     '0.3.7',
178 silly addNameRange     '0.4.0',
178 silly addNameRange     '0.4.1',
178 silly addNameRange     '0.4.2',
178 silly addNameRange     '0.4.3',
178 silly addNameRange     '0.4.4',
178 silly addNameRange     '0.4.5',
178 silly addNameRange     '0.5.1',
178 silly addNameRange     '0.5.2',
178 silly addNameRange     '0.5.3',
178 silly addNameRange     '0.5.4',
178 silly addNameRange     '0.5.5',
178 silly addNameRange     '0.5.6',
178 silly addNameRange     '0.6.0',
178 silly addNameRange     '0.6.1',
178 silly addNameRange     '0.6.2',
178 silly addNameRange     '0.7.0',
178 silly addNameRange     '0.7.1',
178 silly addNameRange     '0.7.2',
178 silly addNameRange     '0.7.3',
178 silly addNameRange     '0.7.4',
178 silly addNameRange     '0.8.0',
178 silly addNameRange     '0.8.1',
178 silly addNameRange     '0.9.0-beta1',
178 silly addNameRange     '0.9.0',
178 silly addNameRange     '0.9.1',
178 silly addNameRange     '1.0.0',
178 silly addNameRange     '1.0.1',
178 silly addNameRange     '1.0.2',
178 silly addNameRange     '1.0.3',
178 silly addNameRange     '1.1.0',
178 silly addNameRange     '1.1.1',
178 silly addNameRange     '1.1.2',
178 silly addNameRange     '1.2.0',
178 silly addNameRange     '1.2.1',
178 silly addNameRange     '1.2.2',
178 silly addNameRange     '1.3.0',
178 silly addNameRange     '1.3.1',
178 silly addNameRange     '1.3.2',
178 silly addNameRange     '1.3.3',
178 silly addNameRange     '1.3.4',
178 silly addNameRange     '1.4.0',
178 silly addNameRange     '1.4.1',
178 silly addNameRange     '1.4.2',
178 silly addNameRange     '1.4.3',
178 silly addNameRange     '1.4.4',
178 silly addNameRange     '1.4.5',
178 silly addNameRange     '1.5.0',
178 silly addNameRange     '1.5.1',
178 silly addNameRange     '1.5.2',
178 silly addNameRange     '1.5.3',
178 silly addNameRange     '1.5.4',
178 silly addNameRange     '1.6.0',
178 silly addNameRange     '1.6.1',
178 silly addNameRange     '1.6.2',
178 silly addNameRange     '1.6.3',
178 silly addNameRange     '1.6.4',
178 silly addNameRange     '1.6.5',
178 silly addNameRange     '1.6.6',
178 silly addNameRange     '1.6.7',
178 silly addNameRange     '1.7.0',
178 silly addNameRange     '1.7.1',
178 silly addNameRange     '1.7.2',
178 silly addNameRange     '1.7.3',
178 silly addNameRange     '1.7.4',
178 silly addNameRange     '1.7.5',
178 silly addNameRange     '1.7.6',
178 silly addNameRange     '1.7.7',
178 silly addNameRange     '1.7.8',
178 silly addNameRange     '1.7.9',
178 silly addNameRange     '1.7.10',
178 silly addNameRange     '1.7.12',
178 silly addNameRange     '1.7.13',
178 silly addNameRange     '1.7.14',
178 silly addNameRange     '1.7.15',
178 silly addNameRange     '1.7.16',
178 silly addNameRange     '1.7.17',
178 silly addNameRange     '1.7.18',
178 silly addNameRange     '1.7.19',
178 silly addNameRange     '1.7.20',
178 silly addNameRange     '1.8.0',
178 silly addNameRange     '1.8.1',
178 silly addNameRange     '1.8.2',
178 silly addNameRange     '1.8.3',
178 silly addNameRange     '1.8.4',
178 silly addNameRange     '1.8.5',
178 silly addNameRange     '2.0.0',
178 silly addNameRange     '2.0.1',
178 silly addNameRange     '2.0.2',
178 silly addNameRange     '2.0.3',
178 silly addNameRange     '2.0.4',
178 silly addNameRange     '2.1.0',
178 silly addNameRange     '2.1.1',
178 silly addNameRange     '2.1.2',
178 silly addNameRange     '2.1.3',
178 silly addNameRange     '2.2.0',
178 silly addNameRange     '2.2.1',
178 silly addNameRange     '2.2.2',
178 silly addNameRange     '2.2.3',
178 silly addNameRange     '2.3.0',
178 silly addNameRange     '2.3.1',
178 silly addNameRange     '2.3.2',
178 silly addNameRange     '2.4.0',
178 silly addNameRange     '2.4.1',
178 silly addNameRange     '2.4.2' ] ]
179 verbose addNamed [ 'brunch', '2.1.3' ]
180 verbose addNamed [ '2.1.3', '2.1.3' ]
181 silly lockFile deb19202-brunch-2-1-3 brunch@2.1.3
182 verbose lock brunch@2.1.3 /home/leo/.npm/deb19202-brunch-2-1-3.lock
183 silly lockFile deb19202-brunch-2-1-3 brunch@2.1.3
184 silly lockFile deb19202-brunch-2-1-3 brunch@2.1.3
185 silly lockFile ae899708-brunch-2-1-3 brunch@~2.1.3
186 silly lockFile ae899708-brunch-2-1-3 brunch@~2.1.3
187 http 304 https://registry.npmjs.org/phoenix
188 silly registry.get cb [ 304,
188 silly registry.get   { date: 'Sat, 27 Feb 2016 17:41:02 GMT',
188 silly registry.get     via: '1.1 varnish',
188 silly registry.get     'cache-control': 'max-age=300',
188 silly registry.get     etag: '"3KWLGPJF5U3RDJTFGVX0954C8"',
188 silly registry.get     age: '0',
188 silly registry.get     connection: 'keep-alive',
188 silly registry.get     'x-served-by': 'cache-fra1232-FRA',
188 silly registry.get     'x-cache': 'HIT',
188 silly registry.get     'x-cache-hits': '1',
188 silly registry.get     'x-timer': 'S1456594862.003156,VS0,VE188',
188 silly registry.get     vary: 'Accept' } ]
189 verbose etag phoenix from cache
190 info maybeGithub Attempting file:deps/phoenix from git://github.com/file:deps/phoenix
191 silly lockFile 6d5f9840-git-github-com-file-deps-phoenix git://github.com/file:deps/phoenix
192 verbose lock git://github.com/file:deps/phoenix /home/leo/.npm/6d5f9840-git-github-com-file-deps-phoenix.lock
193 verbose addRemoteGit [ 'git://github.com/file:deps/phoenix', 'master' ]
194 http 404 https://registry.npmjs.org/phoenix_html
195 silly registry.get cb [ 404,
195 silly registry.get   { 'content-type': 'application/json',
195 silly registry.get     'cache-control': 'max-age=0',
195 silly registry.get     'content-length': '2',
195 silly registry.get     'accept-ranges': 'bytes',
195 silly registry.get     date: 'Sat, 27 Feb 2016 17:41:02 GMT',
195 silly registry.get     via: '1.1 varnish',
195 silly registry.get     age: '0',
195 silly registry.get     connection: 'keep-alive',
195 silly registry.get     'x-served-by': 'cache-fra1247-FRA',
195 silly registry.get     'x-cache': 'MISS',
195 silly registry.get     'x-cache-hits': '0',
195 silly registry.get     'x-timer': 'S1456594862.075083,VS0,VE409' } ]
196 error TypeError: Object.keys called on non-object
196 error     at Function.keys (native)
196 error     at installTargetsError (/usr/share/npm/lib/cache.js:708:24)
196 error     at /usr/share/npm/lib/cache.js:638:10
196 error     at saved (/usr/share/npm/node_modules/npm-registry-client/lib/get.js:142:7)
196 error     at /usr/lib/nodejs/graceful-fs/polyfills.js:133:7
196 error     at Object.oncomplete (fs.js:107:15)
197 error If you need help, you may report this log at:
197 error     <http://github.com/isaacs/npm/issues>
197 error or email it to:
197 error     <npm-@googlegroups.com>
198 error System Linux 3.13.0-77-generic
199 error command "/usr/bin/nodejs" "/usr/bin/npm" "install"
200 error cwd /home/leo/dev/leo/junkiex/junkiex
201 error node -v v0.10.25
202 error npm -v 1.3.10
203 error type called_on_non_object
204 verbose exit [ 1, true ]
